c:\users\dpnd\binary\binary\binary\debug\source.obj
c:\users\dpnd\binary\binary\binary\debug\vc110.pdb
c:\users\dpnd\binary\binary\debug\binary.ilk
c:\users\dpnd\binary\binary\debug\binary.exe
c:\users\dpnd\binary\binary\debug\binary.pdb
c:\users\whale\documents\gitprojects\word parser\binary\binary\binary\debug\vc140.pdb
c:\users\whale\documents\gitprojects\word parser\binary\binary\binary\debug\vc140.idb
c:\users\whale\documents\gitprojects\word parser\binary\binary\binary\debug\source.obj
c:\users\whale\documents\gitprojects\word parser\binary\binary\debug\binary.ilk
c:\users\whale\documents\gitprojects\word parser\binary\binary\debug\binary.exe
c:\users\whale\documents\gitprojects\word parser\binary\binary\debug\binary.pdb
c:\users\whale\documents\gitprojects\word parser\binary\binary\binary\debug\cl.command.1.tlog
c:\users\whale\documents\gitprojects\word parser\binary\binary\binary\debug\cl.read.1.tlog
c:\users\whale\documents\gitprojects\word parser\binary\binary\binary\debug\cl.write.1.tlog
c:\users\whale\documents\gitprojects\word parser\binary\binary\binary\debug\link-cvtres.read.1.tlog
c:\users\whale\documents\gitprojects\word parser\binary\binary\binary\debug\link-cvtres.write.1.tlog
c:\users\whale\documents\gitprojects\word parser\binary\binary\binary\debug\link-rc.read.1.tlog
c:\users\whale\documents\gitprojects\word parser\binary\binary\binary\debug\link-rc.write.1.tlog
c:\users\whale\documents\gitprojects\word parser\binary\binary\binary\debug\link.20848-cvtres.read.1.tlog
c:\users\whale\documents\gitprojects\word parser\binary\binary\binary\debug\link.20848-cvtres.write.1.tlog
c:\users\whale\documents\gitprojects\word parser\binary\binary\binary\debug\link.20848-rc.read.1.tlog
c:\users\whale\documents\gitprojects\word parser\binary\binary\binary\debug\link.20848-rc.write.1.tlog
c:\users\whale\documents\gitprojects\word parser\binary\binary\binary\debug\link.20848.read.1.tlog
c:\users\whale\documents\gitprojects\word parser\binary\binary\binary\debug\link.20848.write.1.tlog
c:\users\whale\documents\gitprojects\word parser\binary\binary\binary\debug\link.24832-cvtres.read.1.tlog
c:\users\whale\documents\gitprojects\word parser\binary\binary\binary\debug\link.24832-cvtres.write.1.tlog
c:\users\whale\documents\gitprojects\word parser\binary\binary\binary\debug\link.24832-rc.read.1.tlog
c:\users\whale\documents\gitprojects\word parser\binary\binary\binary\debug\link.24832-rc.write.1.tlog
c:\users\whale\documents\gitprojects\word parser\binary\binary\binary\debug\link.24832.read.1.tlog
c:\users\whale\documents\gitprojects\word parser\binary\binary\binary\debug\link.24832.write.1.tlog
c:\users\whale\documents\gitprojects\word parser\binary\binary\binary\debug\link.25476-cvtres.read.1.tlog
c:\users\whale\documents\gitprojects\word parser\binary\binary\binary\debug\link.25476-cvtres.write.1.tlog
c:\users\whale\documents\gitprojects\word parser\binary\binary\binary\debug\link.25476-rc.read.1.tlog
c:\users\whale\documents\gitprojects\word parser\binary\binary\binary\debug\link.25476-rc.write.1.tlog
c:\users\whale\documents\gitprojects\word parser\binary\binary\binary\debug\link.25476.read.1.tlog
c:\users\whale\documents\gitprojects\word parser\binary\binary\binary\debug\link.25476.write.1.tlog
c:\users\whale\documents\gitprojects\word parser\binary\binary\binary\debug\link.25504-cvtres.read.1.tlog
c:\users\whale\documents\gitprojects\word parser\binary\binary\binary\debug\link.25504-cvtres.write.1.tlog
c:\users\whale\documents\gitprojects\word parser\binary\binary\binary\debug\link.25504-rc.read.1.tlog
c:\users\whale\documents\gitprojects\word parser\binary\binary\binary\debug\link.25504-rc.write.1.tlog
c:\users\whale\documents\gitprojects\word parser\binary\binary\binary\debug\link.25504.read.1.tlog
c:\users\whale\documents\gitprojects\word parser\binary\binary\binary\debug\link.25504.write.1.tlog
c:\users\whale\documents\gitprojects\word parser\binary\binary\binary\debug\link.25660-cvtres.read.1.tlog
c:\users\whale\documents\gitprojects\word parser\binary\binary\binary\debug\link.25660-cvtres.write.1.tlog
c:\users\whale\documents\gitprojects\word parser\binary\binary\binary\debug\link.25660-rc.read.1.tlog
c:\users\whale\documents\gitprojects\word parser\binary\binary\binary\debug\link.25660-rc.write.1.tlog
c:\users\whale\documents\gitprojects\word parser\binary\binary\binary\debug\link.25660.read.1.tlog
c:\users\whale\documents\gitprojects\word parser\binary\binary\binary\debug\link.25660.write.1.tlog
c:\users\whale\documents\gitprojects\word parser\binary\binary\binary\debug\link.26924-cvtres.read.1.tlog
c:\users\whale\documents\gitprojects\word parser\binary\binary\binary\debug\link.26924-cvtres.write.1.tlog
c:\users\whale\documents\gitprojects\word parser\binary\binary\binary\debug\link.26924-rc.read.1.tlog
c:\users\whale\documents\gitprojects\word parser\binary\binary\binary\debug\link.26924-rc.write.1.tlog
c:\users\whale\documents\gitprojects\word parser\binary\binary\binary\debug\link.26924.read.1.tlog
c:\users\whale\documents\gitprojects\word parser\binary\binary\binary\debug\link.26924.write.1.tlog
c:\users\whale\documents\gitprojects\word parser\binary\binary\binary\debug\link.7064-cvtres.read.1.tlog
c:\users\whale\documents\gitprojects\word parser\binary\binary\binary\debug\link.7064-cvtres.write.1.tlog
c:\users\whale\documents\gitprojects\word parser\binary\binary\binary\debug\link.7064-rc.read.1.tlog
c:\users\whale\documents\gitprojects\word parser\binary\binary\binary\debug\link.7064-rc.write.1.tlog
c:\users\whale\documents\gitprojects\word parser\binary\binary\binary\debug\link.7064.read.1.tlog
c:\users\whale\documents\gitprojects\word parser\binary\binary\binary\debug\link.7064.write.1.tlog
c:\users\whale\documents\gitprojects\word parser\binary\binary\binary\debug\link.8536-cvtres.read.1.tlog
c:\users\whale\documents\gitprojects\word parser\binary\binary\binary\debug\link.8536-cvtres.write.1.tlog
c:\users\whale\documents\gitprojects\word parser\binary\binary\binary\debug\link.8536-rc.read.1.tlog
c:\users\whale\documents\gitprojects\word parser\binary\binary\binary\debug\link.8536-rc.write.1.tlog
c:\users\whale\documents\gitprojects\word parser\binary\binary\binary\debug\link.8536.read.1.tlog
c:\users\whale\documents\gitprojects\word parser\binary\binary\binary\debug\link.8536.write.1.tlog
c:\users\whale\documents\gitprojects\word parser\binary\binary\binary\debug\link.command.1.tlog
c:\users\whale\documents\gitprojects\word parser\binary\binary\binary\debug\link.read.1.tlog
c:\users\whale\documents\gitprojects\word parser\binary\binary\binary\debug\link.write.1.tlog
c:\users\whale\documents\gitprojects\word parser\binary\binary\binary\debug\vc110.idb
c:\users\whale\documents\gitprojects\word parser\binary\binary\binary\debug\vc110.pdb
c:\users\whale\documents\gitprojects\word parser\binary\binary\binary\debug\binary.tlog\cl.command.1.tlog
c:\users\whale\documents\gitprojects\word parser\binary\binary\binary\debug\binary.tlog\cl.read.1.tlog
c:\users\whale\documents\gitprojects\word parser\binary\binary\binary\debug\binary.tlog\cl.write.1.tlog
c:\users\whale\documents\gitprojects\word parser\binary\binary\binary\debug\binary.tlog\link.command.1.tlog
c:\users\whale\documents\gitprojects\word parser\binary\binary\binary\debug\binary.tlog\link.read.1.tlog
c:\users\whale\documents\gitprojects\word parser\binary\binary\binary\debug\binary.tlog\link.write.1.tlog
